Analysis & Synthesis report for modExp
Wed May 24 14:59:11 2017
Quartus II 64-Bit Version 13.0.1 Build 232 06/12/2013 Service Pack 1 SJ Web Edition


---------------------
; Table of Contents ;
---------------------
  1. Legal Notice
  2. Analysis & Synthesis Summary
  3. Analysis & Synthesis Settings
  4. Parallel Compilation
  5. Analysis & Synthesis Source Files Read
  6. Analysis & Synthesis Resource Usage Summary
  7. Analysis & Synthesis Resource Utilization by Entity
  8. Registers Removed During Synthesis
  9. Removed Registers Triggering Further Register Optimizations
 10. General Register Statistics
 11. Inverted Register Statistics
 12. Port Connectivity Checks: "dubVec:dubZ"
 13. Port Connectivity Checks: "shift_register:y0shift"
 14. Port Connectivity Checks: "shift_register:z0shift"
 15. Port Connectivity Checks: "modMult:multBot"
 16. Port Connectivity Checks: "modMult:multTop|modMultCell:stCell"
 17. Port Connectivity Checks: "modMult:multTop"
 18. Port Connectivity Checks: "controlBits:swt"
 19. Port Connectivity Checks: "controlClk:cntlr"
 20. Elapsed Time Per Partition
 21. Analysis & Synthesis Messages



----------------
; Legal Notice ;
----------------
Copyright (C) 1991-2013 Altera Corporation
Your use of Altera Corporation's design tools, logic functions 
and other software and tools, and its AMPP partner logic 
functions, and any output files from any of the foregoing 
(including device programming or simulation files), and any 
associated documentation or information are expressly subject 
to the terms and conditions of the Altera Program License 
Subscription Agreement, Altera MegaCore Function License 
Agreement, or other applicable license agreement, including, 
without limitation, that your use is for the sole purpose of 
programming logic devices manufactured by Altera and sold by 
Altera or its authorized distributors.  Please refer to the 
applicable agreement for further details.



+--------------------------------------------------------------------------------------+
; Analysis & Synthesis Summary                                                         ;
+------------------------------------+-------------------------------------------------+
; Analysis & Synthesis Status        ; Successful - Wed May 24 14:59:11 2017           ;
; Quartus II 64-Bit Version          ; 13.0.1 Build 232 06/12/2013 SP 1 SJ Web Edition ;
; Revision Name                      ; modExp                                          ;
; Top-level Entity Name              ; modExp                                          ;
; Family                             ; Cyclone II                                      ;
; Total logic elements               ; 135                                             ;
;     Total combinational functions  ; 129                                             ;
;     Dedicated logic registers      ; 100                                             ;
; Total registers                    ; 100                                             ;
; Total pins                         ; 10                                              ;
; Total virtual pins                 ; 0                                               ;
; Total memory bits                  ; 0                                               ;
; Embedded Multiplier 9-bit elements ; 0                                               ;
; Total PLLs                         ; 0                                               ;
+------------------------------------+-------------------------------------------------+


+----------------------------------------------------------------------------------------------------------------------+
; Analysis & Synthesis Settings                                                                                        ;
+----------------------------------------------------------------------------+--------------------+--------------------+
; Option                                                                     ; Setting            ; Default Value      ;
+----------------------------------------------------------------------------+--------------------+--------------------+
; Device                                                                     ; EP2C35F672C6       ;                    ;
; Top-level entity name                                                      ; modExp             ; modExp             ;
; Family name                                                                ; Cyclone II         ; Cyclone IV GX      ;
; Use smart compilation                                                      ; Off                ; Off                ;
; Enable parallel Assembler and TimeQuest Timing Analyzer during compilation ; On                 ; On                 ;
; Enable compact report table                                                ; Off                ; Off                ;
; Restructure Multiplexers                                                   ; Auto               ; Auto               ;
; Create Debugging Nodes for IP Cores                                        ; Off                ; Off                ;
; Preserve fewer node names                                                  ; On                 ; On                 ;
; Disable OpenCore Plus hardware evaluation                                  ; Off                ; Off                ;
; Verilog Version                                                            ; Verilog_2001       ; Verilog_2001       ;
; VHDL Version                                                               ; VHDL_1993          ; VHDL_1993          ;
; State Machine Processing                                                   ; Auto               ; Auto               ;
; Safe State Machine                                                         ; Off                ; Off                ;
; Extract Verilog State Machines                                             ; On                 ; On                 ;
; Extract VHDL State Machines                                                ; On                 ; On                 ;
; Ignore Verilog initial constructs                                          ; Off                ; Off                ;
; Iteration limit for constant Verilog loops                                 ; 5000               ; 5000               ;
; Iteration limit for non-constant Verilog loops                             ; 250                ; 250                ;
; Add Pass-Through Logic to Inferred RAMs                                    ; On                 ; On                 ;
; Infer RAMs from Raw Logic                                                  ; On                 ; On                 ;
; Parallel Synthesis                                                         ; On                 ; On                 ;
; DSP Block Balancing                                                        ; Auto               ; Auto               ;
; NOT Gate Push-Back                                                         ; On                 ; On                 ;
; Power-Up Don't Care                                                        ; On                 ; On                 ;
; Remove Redundant Logic Cells                                               ; Off                ; Off                ;
; Remove Duplicate Registers                                                 ; On                 ; On                 ;
; Ignore CARRY Buffers                                                       ; Off                ; Off                ;
; Ignore CASCADE Buffers                                                     ; Off                ; Off                ;
; Ignore GLOBAL Buffers                                                      ; Off                ; Off                ;
; Ignore ROW GLOBAL Buffers                                                  ; Off                ; Off                ;
; Ignore LCELL Buffers                                                       ; Off                ; Off                ;
; Ignore SOFT Buffers                                                        ; On                 ; On                 ;
; Limit AHDL Integers to 32 Bits                                             ; Off                ; Off                ;
; Optimization Technique                                                     ; Balanced           ; Balanced           ;
; Carry Chain Length                                                         ; 70                 ; 70                 ;
; Auto Carry Chains                                                          ; On                 ; On                 ;
; Auto Open-Drain Pins                                                       ; On                 ; On                 ;
; Perform WYSIWYG Primitive Resynthesis                                      ; Off                ; Off                ;
; Auto ROM Replacement                                                       ; On                 ; On                 ;
; Auto RAM Replacement                                                       ; On                 ; On                 ;
; Auto Shift Register Replacement                                            ; Auto               ; Auto               ;
; Allow Shift Register Merging across Hierarchies                            ; Auto               ; Auto               ;
; Auto Clock Enable Replacement                                              ; On                 ; On                 ;
; Strict RAM Replacement                                                     ; Off                ; Off                ;
; Allow Synchronous Control Signals                                          ; On                 ; On                 ;
; Force Use of Synchronous Clear Signals                                     ; Off                ; Off                ;
; Auto RAM to Logic Cell Conversion                                          ; Off                ; Off                ;
; Auto Resource Sharing                                                      ; Off                ; Off                ;
; Allow Any RAM Size For Recognition                                         ; Off                ; Off                ;
; Allow Any ROM Size For Recognition                                         ; Off                ; Off                ;
; Allow Any Shift Register Size For Recognition                              ; Off                ; Off                ;
; Use LogicLock Constraints during Resource Balancing                        ; On                 ; On                 ;
; Ignore translate_off and synthesis_off directives                          ; Off                ; Off                ;
; Timing-Driven Synthesis                                                    ; Off                ; Off                ;
; Report Parameter Settings                                                  ; On                 ; On                 ;
; Report Source Assignments                                                  ; On                 ; On                 ;
; Report Connectivity Checks                                                 ; On                 ; On                 ;
; Ignore Maximum Fan-Out Assignments                                         ; Off                ; Off                ;
; Synchronization Register Chain Length                                      ; 2                  ; 2                  ;
; PowerPlay Power Optimization                                               ; Normal compilation ; Normal compilation ;
; HDL message level                                                          ; Level2             ; Level2             ;
; Suppress Register Optimization Related Messages                            ; Off                ; Off                ;
; Number of Removed Registers Reported in Synthesis Report                   ; 5000               ; 5000               ;
; Number of Swept Nodes Reported in Synthesis Report                         ; 5000               ; 5000               ;
; Number of Inverted Registers Reported in Synthesis Report                  ; 100                ; 100                ;
; Clock MUX Protection                                                       ; On                 ; On                 ;
; Auto Gated Clock Conversion                                                ; Off                ; Off                ;
; Block Design Naming                                                        ; Auto               ; Auto               ;
; SDC constraint protection                                                  ; Off                ; Off                ;
; Synthesis Effort                                                           ; Auto               ; Auto               ;
; Shift Register Replacement - Allow Asynchronous Clear Signal               ; On                 ; On                 ;
; Pre-Mapping Resynthesis Optimization                                       ; Off                ; Off                ;
; Analysis & Synthesis Message Level                                         ; Medium             ; Medium             ;
; Disable Register Merging Across Hierarchies                                ; Auto               ; Auto               ;
; Resource Aware Inference For Block RAM                                     ; On                 ; On                 ;
; Synthesis Seed                                                             ; 1                  ; 1                  ;
+----------------------------------------------------------------------------+--------------------+--------------------+


Parallel compilation was disabled, but you have multiple processors available. Enable parallel compilation to reduce compilation time.
+-------------------------------------+
; Parallel Compilation                ;
+----------------------------+--------+
; Processors                 ; Number ;
+----------------------------+--------+
; Number detected on machine ; 4      ;
; Maximum allowed            ; 1      ;
+----------------------------+--------+


+----------------------------------------------------------------------------------------------------------------------------------------------------------+
; Analysis & Synthesis Source Files Read                                                                                                                   ;
+----------------------------------+-----------------+-----------------+-------------------------------------------------------------------------+---------+
; File Name with User-Entered Path ; Used in Netlist ; File Type       ; File Name with Absolute Path                                            ; Library ;
+----------------------------------+-----------------+-----------------+-------------------------------------------------------------------------+---------+
; modExp.vhd                       ; yes             ; User VHDL File  ; C:/Users/riiss/GIT/FirstYearProject/src/modularExponentation/modExp.vhd ;         ;
+----------------------------------+-----------------+-----------------+-------------------------------------------------------------------------+---------+


+-----------------------------------------------------+
; Analysis & Synthesis Resource Usage Summary         ;
+---------------------------------------------+-------+
; Resource                                    ; Usage ;
+---------------------------------------------+-------+
; Estimated Total logic elements              ; 135   ;
;                                             ;       ;
; Total combinational functions               ; 129   ;
; Logic element usage by number of LUT inputs ;       ;
;     -- 4 input functions                    ; 35    ;
;     -- 3 input functions                    ; 16    ;
;     -- <=2 input functions                  ; 78    ;
;                                             ;       ;
; Logic elements by mode                      ;       ;
;     -- normal mode                          ; 68    ;
;     -- arithmetic mode                      ; 61    ;
;                                             ;       ;
; Total registers                             ; 100   ;
;     -- Dedicated logic registers            ; 100   ;
;     -- I/O registers                        ; 0     ;
;                                             ;       ;
; I/O pins                                    ; 10    ;
; Embedded Multiplier 9-bit elements          ; 0     ;
; Maximum fan-out node                        ; CLK   ;
; Maximum fan-out                             ; 65    ;
; Total fan-out                               ; 549   ;
; Average fan-out                             ; 2.30  ;
+---------------------------------------------+-------+


+------------------------------------------------------------------------------------------------------------------------------------------------------------------------------------------------------------------------+
; Analysis & Synthesis Resource Utilization by Entity                                                                                                                                                                    ;
+------------------------------+-------------------+--------------+-------------+--------------+---------+-----------+------+--------------+--------------------------------------------------------------+--------------+
; Compilation Hierarchy Node   ; LC Combinationals ; LC Registers ; Memory Bits ; DSP Elements ; DSP 9x9 ; DSP 18x18 ; Pins ; Virtual Pins ; Full Hierarchy Name                                          ; Library Name ;
+------------------------------+-------------------+--------------+-------------+--------------+---------+-----------+------+--------------+--------------------------------------------------------------+--------------+
; |modExp                      ; 129 (0)           ; 100 (0)      ; 0           ; 0            ; 0       ; 0         ; 10   ; 0            ; |modExp                                                      ; work         ;
;    |controlBits:swt|         ; 11 (11)           ; 1 (1)        ; 0           ; 0            ; 0       ; 0         ; 0    ; 0            ; |modExp|controlBits:swt                                      ; work         ;
;    |controlClk:cntlr|        ; 77 (77)           ; 64 (64)      ; 0           ; 0            ; 0       ; 0         ; 0    ; 0            ; |modExp|controlClk:cntlr                                     ; work         ;
;    |directionHandler:dirH|   ; 1 (1)             ; 0 (0)        ; 0           ; 0            ; 0       ; 0         ; 0    ; 0            ; |modExp|directionHandler:dirH                                ; work         ;
;    |dubVec:dubZ|             ; 8 (8)             ; 8 (8)        ; 0           ; 0            ; 0       ; 0         ; 0    ; 0            ; |modExp|dubVec:dubZ                                          ; work         ;
;    |modMult:multBot|         ; 24 (0)            ; 18 (0)       ; 0           ; 0            ; 0       ; 0         ; 0    ; 0            ; |modExp|modMult:multBot                                      ; work         ;
;       |modMultCell:ndCell|   ; 6 (2)             ; 4 (0)        ; 0           ; 0            ; 0       ; 0         ; 0    ; 0            ; |modExp|modMult:multBot|modMultCell:ndCell                   ; work         ;
;          |dflipflop:flipB|   ; 0 (0)             ; 1 (1)        ; 0           ; 0            ; 0       ; 0         ; 0    ; 0            ; |modExp|modMult:multBot|modMultCell:ndCell|dflipflop:flipB   ; work         ;
;          |dflipflop:flipC1B| ; 0 (0)             ; 1 (1)        ; 0           ; 0            ; 0       ; 0         ; 0    ; 0            ; |modExp|modMult:multBot|modMultCell:ndCell|dflipflop:flipC1B ; work         ;
;          |dflipflop:flipC1T| ; 0 (0)             ; 1 (1)        ; 0           ; 0            ; 0       ; 0         ; 0    ; 0            ; |modExp|modMult:multBot|modMultCell:ndCell|dflipflop:flipC1T ; work         ;
;          |dflipflop:flipS|   ; 0 (0)             ; 1 (1)        ; 0           ; 0            ; 0       ; 0         ; 0    ; 0            ; |modExp|modMult:multBot|modMultCell:ndCell|dflipflop:flipS   ; work         ;
;          |fullAdder:add1|    ; 2 (2)             ; 0 (0)        ; 0           ; 0            ; 0       ; 0         ; 0    ; 0            ; |modExp|modMult:multBot|modMultCell:ndCell|fullAdder:add1    ; work         ;
;          |fullAdder:add2|    ; 2 (2)             ; 0 (0)        ; 0           ; 0            ; 0       ; 0         ; 0    ; 0            ; |modExp|modMult:multBot|modMultCell:ndCell|fullAdder:add2    ; work         ;
;       |modMultCell:rdCell|   ; 9 (1)             ; 6 (0)        ; 0           ; 0            ; 0       ; 0         ; 0    ; 0            ; |modExp|modMult:multBot|modMultCell:rdCell                   ; work         ;
;          |dflipflop:flipB|   ; 0 (0)             ; 1 (1)        ; 0           ; 0            ; 0       ; 0         ; 0    ; 0            ; |modExp|modMult:multBot|modMultCell:rdCell|dflipflop:flipB   ; work         ;
;          |dflipflop:flipC1B| ; 0 (0)             ; 1 (1)        ; 0           ; 0            ; 0       ; 0         ; 0    ; 0            ; |modExp|modMult:multBot|modMultCell:rdCell|dflipflop:flipC1B ; work         ;
;          |dflipflop:flipC1T| ; 0 (0)             ; 1 (1)        ; 0           ; 0            ; 0       ; 0         ; 0    ; 0            ; |modExp|modMult:multBot|modMultCell:rdCell|dflipflop:flipC1T ; work         ;
;          |dflipflop:flipC2|  ; 0 (0)             ; 1 (1)        ; 0           ; 0            ; 0       ; 0         ; 0    ; 0            ; |modExp|modMult:multBot|modMultCell:rdCell|dflipflop:flipC2  ; work         ;
;          |dflipflop:flipQ|   ; 0 (0)             ; 1 (1)        ; 0           ; 0            ; 0       ; 0         ; 0    ; 0            ; |modExp|modMult:multBot|modMultCell:rdCell|dflipflop:flipQ   ; work         ;
;          |dflipflop:flipS|   ; 0 (0)             ; 1 (1)        ; 0           ; 0            ; 0       ; 0         ; 0    ; 0            ; |modExp|modMult:multBot|modMultCell:rdCell|dflipflop:flipS   ; work         ;
;          |fullAdder:add1|    ; 2 (2)             ; 0 (0)        ; 0           ; 0            ; 0       ; 0         ; 0    ; 0            ; |modExp|modMult:multBot|modMultCell:rdCell|fullAdder:add1    ; work         ;
;          |fullAdder:add2|    ; 2 (2)             ; 0 (0)        ; 0           ; 0            ; 0       ; 0         ; 0    ; 0            ; |modExp|modMult:multBot|modMultCell:rdCell|fullAdder:add2    ; work         ;
;          |fullAdder:add3|    ; 2 (2)             ; 0 (0)        ; 0           ; 0            ; 0       ; 0         ; 0    ; 0            ; |modExp|modMult:multBot|modMultCell:rdCell|fullAdder:add3    ; work         ;
;          |fullAdder:add4|    ; 2 (2)             ; 0 (0)        ; 0           ; 0            ; 0       ; 0         ; 0    ; 0            ; |modExp|modMult:multBot|modMultCell:rdCell|fullAdder:add4    ; work         ;
;       |modMultCell:stCell|   ; 3 (1)             ; 3 (0)        ; 0           ; 0            ; 0       ; 0         ; 0    ; 0            ; |modExp|modMult:multBot|modMultCell:stCell                   ; work         ;
;          |dflipflop:flipB|   ; 0 (0)             ; 1 (1)        ; 0           ; 0            ; 0       ; 0         ; 0    ; 0            ; |modExp|modMult:multBot|modMultCell:stCell|dflipflop:flipB   ; work         ;
;          |dflipflop:flipC1T| ; 0 (0)             ; 1 (1)        ; 0           ; 0            ; 0       ; 0         ; 0    ; 0            ; |modExp|modMult:multBot|modMultCell:stCell|dflipflop:flipC1T ; work         ;
;          |dflipflop:flipS|   ; 0 (0)             ; 1 (1)        ; 0           ; 0            ; 0       ; 0         ; 0    ; 0            ; |modExp|modMult:multBot|modMultCell:stCell|dflipflop:flipS   ; work         ;
;          |fullAdder:add1|    ; 2 (2)             ; 0 (0)        ; 0           ; 0            ; 0       ; 0         ; 0    ; 0            ; |modExp|modMult:multBot|modMultCell:stCell|fullAdder:add1    ; work         ;
;       |modMultCell:thCell|   ; 6 (2)             ; 5 (0)        ; 0           ; 0            ; 0       ; 0         ; 0    ; 0            ; |modExp|modMult:multBot|modMultCell:thCell                   ; work         ;
;          |dflipflop:flipB|   ; 0 (0)             ; 1 (1)        ; 0           ; 0            ; 0       ; 0         ; 0    ; 0            ; |modExp|modMult:multBot|modMultCell:thCell|dflipflop:flipB   ; work         ;
;          |dflipflop:flipC1B| ; 0 (0)             ; 1 (1)        ; 0           ; 0            ; 0       ; 0         ; 0    ; 0            ; |modExp|modMult:multBot|modMultCell:thCell|dflipflop:flipC1B ; work         ;
;          |dflipflop:flipC1T| ; 0 (0)             ; 1 (1)        ; 0           ; 0            ; 0       ; 0         ; 0    ; 0            ; |modExp|modMult:multBot|modMultCell:thCell|dflipflop:flipC1T ; work         ;
;          |dflipflop:flipQ|   ; 0 (0)             ; 1 (1)        ; 0           ; 0            ; 0       ; 0         ; 0    ; 0            ; |modExp|modMult:multBot|modMultCell:thCell|dflipflop:flipQ   ; work         ;
;          |dflipflop:flipS|   ; 0 (0)             ; 1 (1)        ; 0           ; 0            ; 0       ; 0         ; 0    ; 0            ; |modExp|modMult:multBot|modMultCell:thCell|dflipflop:flipS   ; work         ;
;          |fullAdder:add1|    ; 2 (2)             ; 0 (0)        ; 0           ; 0            ; 0       ; 0         ; 0    ; 0            ; |modExp|modMult:multBot|modMultCell:thCell|fullAdder:add1    ; work         ;
;          |fullAdder:add2|    ; 2 (2)             ; 0 (0)        ; 0           ; 0            ; 0       ; 0         ; 0    ; 0            ; |modExp|modMult:multBot|modMultCell:thCell|fullAdder:add2    ; work         ;
;    |shift_register:z0shift|  ; 8 (8)             ; 9 (9)        ; 0           ; 0            ; 0       ; 0         ; 0    ; 0            ; |modExp|shift_register:z0shift                               ; work         ;
+------------------------------+-------------------+--------------+-------------+--------------+---------+-----------+------+--------------+--------------------------------------------------------------+--------------+
Note: For table entries with two numbers listed, the numbers in parentheses indicate the number of resources of the given type used by the specific entity alone. The numbers listed outside of parentheses indicate the total resources of the given type used by the specific entity and all of its sub-entities in the hierarchy.


+-------------------------------------------------------------------------------------------------+
; Registers Removed During Synthesis                                                              ;
+--------------------------------------------------------+----------------------------------------+
; Register name                                          ; Reason for Removal                     ;
+--------------------------------------------------------+----------------------------------------+
; modMult:multBot|modMultCell:stCell|dflipflop:flipQ|q   ; Lost fanout                            ;
; modMult:multBot|modMultCell:ndCell|dflipflop:flipQ|q   ; Lost fanout                            ;
; modMult:multBot|modMultCell:thCell|dflipflop:flipC2|q  ; Stuck at GND due to stuck port data_in ;
; modMult:multBot|modMultCell:ndCell|dflipflop:flipC2|q  ; Stuck at GND due to stuck port data_in ;
; modMult:multBot|modMultCell:stCell|dflipflop:flipC2|q  ; Stuck at GND due to stuck port data_in ;
; modMult:multBot|modMultCell:stCell|dflipflop:flipC1B|q ; Stuck at GND due to stuck port data_in ;
; Total Number of Removed Registers = 6                  ;                                        ;
+--------------------------------------------------------+----------------------------------------+


+----------------------------------------------------------------------------------------------------------------------------------+
; Removed Registers Triggering Further Register Optimizations                                                                      ;
+------------------------------------------------------+--------------------+------------------------------------------------------+
; Register name                                        ; Reason for Removal ; Registers Removed due to This Register               ;
+------------------------------------------------------+--------------------+------------------------------------------------------+
; modMult:multBot|modMultCell:stCell|dflipflop:flipQ|q ; Lost Fanouts       ; modMult:multBot|modMultCell:ndCell|dflipflop:flipQ|q ;
+------------------------------------------------------+--------------------+------------------------------------------------------+


+------------------------------------------------------+
; General Register Statistics                          ;
+----------------------------------------------+-------+
; Statistic                                    ; Value ;
+----------------------------------------------+-------+
; Total registers                              ; 100   ;
; Number of registers using Synchronous Clear  ; 0     ;
; Number of registers using Synchronous Load   ; 0     ;
; Number of registers using Asynchronous Clear ; 0     ;
; Number of registers using Asynchronous Load  ; 0     ;
; Number of registers using Clock Enable       ; 0     ;
; Number of registers using Preset             ; 0     ;
+----------------------------------------------+-------+


+--------------------------------------------------+
; Inverted Register Statistics                     ;
+----------------------------------------+---------+
; Inverted Register                      ; Fan out ;
+----------------------------------------+---------+
; shift_register:z0shift|load            ; 8       ;
; Total number of inverted registers = 1 ;         ;
+----------------------------------------+---------+


+----------------------------------------------+
; Port Connectivity Checks: "dubVec:dubZ"      ;
+------------+-------+----------+--------------+
; Port       ; Type  ; Severity ; Details      ;
+------------+-------+----------+--------------+
; condition2 ; Input ; Info     ; Stuck at VCC ;
+------------+-------+----------+--------------+


+----------------------------------------------------+
; Port Connectivity Checks: "shift_register:y0shift" ;
+----------------+-------+----------+----------------+
; Port           ; Type  ; Severity ; Details        ;
+----------------+-------+----------+----------------+
; init_val[7..4] ; Input ; Info     ; Stuck at GND   ;
; init_val[3]    ; Input ; Info     ; Stuck at VCC   ;
; init_val[2]    ; Input ; Info     ; Stuck at GND   ;
; init_val[1]    ; Input ; Info     ; Stuck at VCC   ;
; init_val[0]    ; Input ; Info     ; Stuck at GND   ;
+----------------+-------+----------+----------------+


+----------------------------------------------------+
; Port Connectivity Checks: "shift_register:z0shift" ;
+----------------+-------+----------+----------------+
; Port           ; Type  ; Severity ; Details        ;
+----------------+-------+----------+----------------+
; init_val[7..4] ; Input ; Info     ; Stuck at GND   ;
; init_val[3]    ; Input ; Info     ; Stuck at VCC   ;
; init_val[2]    ; Input ; Info     ; Stuck at GND   ;
; init_val[1]    ; Input ; Info     ; Stuck at VCC   ;
; init_val[0]    ; Input ; Info     ; Stuck at GND   ;
+----------------+-------+----------+----------------+


+---------------------------------------------+
; Port Connectivity Checks: "modMult:multBot" ;
+---------+-------+----------+----------------+
; Port    ; Type  ; Severity ; Details        ;
+---------+-------+----------+----------------+
; m[3..2] ; Input ; Info     ; Stuck at VCC   ;
; m[7..4] ; Input ; Info     ; Stuck at GND   ;
; m[1..0] ; Input ; Info     ; Stuck at GND   ;
+---------+-------+----------+----------------+


+---------------------------------------------------------------------------------------------------------------+
; Port Connectivity Checks: "modMult:multTop|modMultCell:stCell"                                                ;
+------+-------+----------+-------------------------------------------------------------------------------------+
; Port ; Type  ; Severity ; Details                                                                             ;
+------+-------+----------+-------------------------------------------------------------------------------------+
; bff  ; Bidir ; Warning  ; Connected to dangling logic. Logic that only feeds a dangling port will be removed. ;
; qff  ; Bidir ; Warning  ; Connected to dangling logic. Logic that only feeds a dangling port will be removed. ;
; s    ; Input ; Info     ; Stuck at GND                                                                        ;
+------+-------+----------+-------------------------------------------------------------------------------------+


+---------------------------------------------+
; Port Connectivity Checks: "modMult:multTop" ;
+---------+-------+----------+----------------+
; Port    ; Type  ; Severity ; Details        ;
+---------+-------+----------+----------------+
; m[3..2] ; Input ; Info     ; Stuck at VCC   ;
; m[7..4] ; Input ; Info     ; Stuck at GND   ;
; m[1..0] ; Input ; Info     ; Stuck at GND   ;
+---------+-------+----------+----------------+


+---------------------------------------------+
; Port Connectivity Checks: "controlBits:swt" ;
+---------+-------+----------+----------------+
; Port    ; Type  ; Severity ; Details        ;
+---------+-------+----------+----------------+
; e[2..1] ; Input ; Info     ; Stuck at VCC   ;
; e[7..3] ; Input ; Info     ; Stuck at GND   ;
; e[0]    ; Input ; Info     ; Stuck at GND   ;
+---------+-------+----------+----------------+


+----------------------------------------------------------------------------------------------------------------+
; Port Connectivity Checks: "controlClk:cntlr"                                                                   ;
+------+--------+----------+-------------------------------------------------------------------------------------+
; Port ; Type   ; Severity ; Details                                                                             ;
+------+--------+----------+-------------------------------------------------------------------------------------+
; done ; Output ; Info     ; Connected to dangling logic. Logic that only feeds a dangling port will be removed. ;
+------+--------+----------+-------------------------------------------------------------------------------------+


+-------------------------------+
; Elapsed Time Per Partition    ;
+----------------+--------------+
; Partition Name ; Elapsed Time ;
+----------------+--------------+
; Top            ; 00:00:00     ;
+----------------+--------------+


+-------------------------------+
; Analysis & Synthesis Messages ;
+-------------------------------+
Info: *******************************************************************
Info: Running Quartus II 64-Bit Analysis & Synthesis
    Info: Version 13.0.1 Build 232 06/12/2013 Service Pack 1 SJ Web Edition
    Info: Processing started: Wed May 24 14:59:09 2017
Info: Command: quartus_map --read_settings_files=on --write_settings_files=off ModularExponentation -c modExp
Warning (20028): Parallel compilation is not licensed and has been disabled
Info (12021): Found 20 design units, including 10 entities, in source file modexp.vhd
    Info (12022): Found design unit 1: controlClk-control
    Info (12022): Found design unit 2: modExp-modExp8
    Info (12022): Found design unit 3: modMult-modMult8
    Info (12022): Found design unit 4: modMultCell-modMult
    Info (12022): Found design unit 5: fullAdder-add
    Info (12022): Found design unit 6: shift_register-shiftRight
    Info (12022): Found design unit 7: dflipflop-flip
    Info (12022): Found design unit 8: dubVec-conditionalDublicate
    Info (12022): Found design unit 9: controlBits-control
    Info (12022): Found design unit 10: directionHandler-handler
    Info (12023): Found entity 1: controlClk
    Info (12023): Found entity 2: modExp
    Info (12023): Found entity 3: modMult
    Info (12023): Found entity 4: modMultCell
    Info (12023): Found entity 5: fullAdder
    Info (12023): Found entity 6: shift_register
    Info (12023): Found entity 7: dflipflop
    Info (12023): Found entity 8: dubVec
    Info (12023): Found entity 9: controlBits
    Info (12023): Found entity 10: directionHandler
Info (12127): Elaborating entity "modExp" for the top level hierarchy
Warning (10540): VHDL Signal Declaration warning at modExp.vhd(51): used explicit default value for signal "X" because signal was never assigned a value
Warning (10540): VHDL Signal Declaration warning at modExp.vhd(52): used explicit default value for signal "E" because signal was never assigned a value
Warning (10540): VHDL Signal Declaration warning at modExp.vhd(53): used explicit default value for signal "M" because signal was never assigned a value
Info (12129): Elaborating entity "controlClk" using architecture "A:control" for hierarchy "controlClk:cntlr"
Info (12129): Elaborating entity "controlBits" using architecture "A:control" for hierarchy "controlBits:swt"
Info (12129): Elaborating entity "modMult" using architecture "A:modmult8" for hierarchy "modMult:multTop"
Info (12129): Elaborating entity "modMultCell" using architecture "A:modmult" for hierarchy "modMult:multTop|modMultCell:stCell"
Info (12129): Elaborating entity "fullAdder" using architecture "A:add" for hierarchy "modMult:multTop|modMultCell:stCell|fullAdder:add1"
Info (12129): Elaborating entity "dflipflop" using architecture "A:flip" for hierarchy "modMult:multTop|modMultCell:stCell|dflipflop:flipS"
Info (12129): Elaborating entity "directionHandler" using architecture "A:handler" for hierarchy "directionHandler:dirH"
Info (12129): Elaborating entity "shift_register" using architecture "A:shiftright" for hierarchy "shift_register:z0shift"
Info (12129): Elaborating entity "dubVec" using architecture "A:conditionaldublicate" for hierarchy "dubVec:dubZ"
Warning (10492): VHDL Process Statement warning at modExp.vhd(452): signal "clk" is read inside the Process Statement but isn't in the Process Statement's sensitivity list
Warning (12241): 1 hierarchies have connectivity warnings - see the Connectivity Checks report folder
Info (17049): 2 registers lost all their fanouts during netlist optimizations.
Info (16010): Generating hard_block partition "hard_block:auto_generated_inst"
    Info (16011): Adding 0 node(s), including 0 DDIO, 0 PLL, 0 transceiver and 0 LCELL
Info (21057): Implemented 145 device resources after synthesis - the final resource count might be different
    Info (21058): Implemented 1 input pins
    Info (21059): Implemented 9 output pins
    Info (21061): Implemented 135 logic cells
Info: Quartus II 64-Bit Analysis & Synthesis was successful. 0 errors, 6 warnings
    Info: Peak virtual memory: 533 megabytes
    Info: Processing ended: Wed May 24 14:59:11 2017
    Info: Elapsed time: 00:00:02
    Info: Total CPU time (on all processors): 00:00:02


